[2025-05-23 00:02:08] Base de datos abierta correctamente en main.
[2025-05-23 00:02:08] Base de datos eliminada correctamente.
[2025-05-23 00:02:08] Base de datos inicializada.
[2025-05-23 00:02:08] CSV inicializados.
[2025-05-23 00:02:08] Libros cargados desde CSV.
[2025-05-23 00:02:08] Usuarios cargados desde CSV.
[2025-05-23 00:02:08] Historial cargado desde CSV.
[2025-05-23 00:02:08] Préstamos cargados desde CSV.
[2025-05-23 00:02:39] Aplicación finalizada por el usuario.
[2025-05-23 00:03:16] Base de datos abierta correctamente en main.
[2025-05-23 00:03:16] Base de datos eliminada correctamente.
[2025-05-23 00:03:16] Base de datos inicializada.
[2025-05-23 00:03:16] CSV inicializados.
[2025-05-23 00:03:16] Libros cargados desde CSV.
[2025-05-23 00:03:16] Usuarios cargados desde CSV.
[2025-05-23 00:03:16] Historial cargado desde CSV.
[2025-05-23 00:03:16] Préstamos cargados desde CSV.
[2025-05-23 00:03:40] Aplicación finalizada por el usuario.
[2025-05-23 00:03:55] Base de datos abierta correctamente en main.
[2025-05-23 00:03:55] No se pudo eliminar la base de datos.
[2025-05-23 00:03:55] Base de datos inicializada.
[2025-05-23 00:03:55] CSV inicializados.
[2025-05-23 00:03:55] Libros cargados desde CSV.
[2025-05-23 00:03:55] Usuarios cargados desde CSV.
[2025-05-23 00:03:55] Historial cargado desde CSV.
[2025-05-23 00:03:55] Préstamos cargados desde CSV.
[2025-05-23 00:04:04] Aplicación finalizada por el usuario.
[2025-05-23 00:04:05] Base de datos abierta correctamente en main.
[2025-05-23 00:04:05] Base de datos eliminada correctamente.
[2025-05-23 00:04:05] Base de datos inicializada.
[2025-05-23 00:04:05] CSV inicializados.
[2025-05-23 00:04:05] Libros cargados desde CSV.
[2025-05-23 00:04:05] Usuarios cargados desde CSV.
[2025-05-23 00:04:05] Historial cargado desde CSV.
[2025-05-23 00:04:05] Préstamos cargados desde CSV.
[2025-05-23 00:04:07] Aplicación finalizada por el usuario.
[2025-05-23 00:37:55] Base de datos abierta correctamente en main.
[2025-05-23 00:37:55] Base de datos eliminada correctamente.
[2025-05-23 00:37:55] Base de datos inicializada.
[2025-05-23 00:37:55] CSV inicializados.
[2025-05-23 00:37:55] Libros cargados desde CSV.
[2025-05-23 00:37:55] Usuarios cargados desde CSV.
[2025-05-23 00:37:56] Historial cargado desde CSV.
[2025-05-23 00:37:56] Préstamos cargados desde CSV.
[2025-05-23 00:38:13] Aplicación finalizada por el usuario.
[2025-05-23 00:38:42] Base de datos abierta correctamente en main.
[2025-05-23 00:38:42] Base de datos eliminada correctamente.
[2025-05-23 00:38:42] Base de datos inicializada.
[2025-05-23 00:38:42] CSV inicializados.
[2025-05-23 00:38:42] Libros cargados desde CSV.
[2025-05-23 00:38:42] Usuarios cargados desde CSV.
[2025-05-23 00:38:42] Historial cargado desde CSV.
[2025-05-23 00:38:42] Préstamos cargados desde CSV.
[2025-05-23 00:38:44] Listado de usuarios mostrado.
[2025-05-23 00:39:05] Aplicación finalizada por el usuario.
[2025-05-23 00:40:43] Base de datos abierta correctamente en main.
[2025-05-23 00:40:43] Base de datos eliminada correctamente.
[2025-05-23 00:40:43] Base de datos inicializada.
[2025-05-23 00:40:43] CSV inicializados.
[2025-05-23 00:40:43] Libros cargados desde CSV.
[2025-05-23 00:40:43] Usuarios cargados desde CSV.
[2025-05-23 00:40:43] Historial cargado desde CSV.
[2025-05-23 00:40:43] Préstamos cargados desde CSV.
[2025-05-23 00:43:13] Aplicación finalizada por el usuario.
[2025-05-23 13:07:18] Base de datos abierta correctamente en main.
[2025-05-23 13:07:18] No se pudo eliminar la base de datos.
[2025-05-23 13:07:18] Base de datos inicializada.
[2025-05-23 13:07:18] CSV inicializados.
[2025-05-23 13:07:18] Libros cargados desde CSV.
[2025-05-23 13:07:18] Usuarios cargados desde CSV.
[2025-05-23 13:07:18] Historial cargado desde CSV.
[2025-05-23 13:07:18] Préstamos cargados desde CSV.
[2025-05-23 13:07:24] Aplicación finalizada por el usuario.
[2025-05-23 13:07:25] Base de datos abierta correctamente en main.
[2025-05-23 13:07:25] Base de datos eliminada correctamente.
[2025-05-23 13:07:25] Base de datos inicializada.
[2025-05-23 13:07:25] CSV inicializados.
[2025-05-23 13:07:25] Libros cargados desde CSV.
[2025-05-23 13:07:25] Usuarios cargados desde CSV.
[2025-05-23 13:07:25] Historial cargado desde CSV.
[2025-05-23 13:07:25] Préstamos cargados desde CSV.
[2025-05-23 13:07:35] Aplicación finalizada por el usuario.
[2025-05-23 17:31:54] Base de datos abierta correctamente en main.
[2025-05-23 17:31:54] Base de datos eliminada correctamente.
[2025-05-23 17:31:54] Base de datos inicializada.
[2025-05-23 17:31:54] CSV inicializados.
[2025-05-23 17:31:55] Libros cargados desde CSV.
[2025-05-23 17:31:55] Usuarios cargados desde CSV.
[2025-05-23 17:31:55] Historial cargado desde CSV.
[2025-05-23 17:31:55] Préstamos cargados desde CSV.
[2025-05-23 17:33:15] Aplicación finalizada por el usuario.
[2025-05-23 17:43:24] Base de datos abierta correctamente en main.
[2025-05-23 17:43:24] Base de datos eliminada correctamente.
[2025-05-23 17:43:24] Base de datos inicializada.
[2025-05-23 17:43:24] CSV inicializados.
[2025-05-23 17:43:24] Libros cargados desde CSV.
[2025-05-23 17:43:24] Usuarios cargados desde CSV.
[2025-05-23 17:43:24] Historial cargado desde CSV.
[2025-05-23 17:43:24] Préstamos cargados desde CSV.
[2025-05-23 17:45:24] Aplicación finalizada por el usuario.
[2025-05-23 17:45:34] Base de datos abierta correctamente en main.
[2025-05-23 17:45:34] No se pudo eliminar la base de datos.
[2025-05-23 17:45:34] Base de datos inicializada.
[2025-05-23 17:45:34] CSV inicializados.
[2025-05-23 17:45:34] Libros cargados desde CSV.
[2025-05-23 17:45:34] Usuarios cargados desde CSV.
[2025-05-23 17:45:34] Historial cargado desde CSV.
[2025-05-23 17:45:34] Préstamos cargados desde CSV.
[2025-05-23 17:45:41] Aplicación finalizada por el usuario.
[2025-05-23 17:45:42] Base de datos abierta correctamente en main.
[2025-05-23 17:45:42] Base de datos eliminada correctamente.
[2025-05-23 17:45:42] Base de datos inicializada.
[2025-05-23 17:45:42] CSV inicializados.
[2025-05-23 17:45:42] Libros cargados desde CSV.
[2025-05-23 17:45:42] Usuarios cargados desde CSV.
[2025-05-23 17:45:42] Historial cargado desde CSV.
[2025-05-23 17:45:42] Préstamos cargados desde CSV.
[2025-05-23 17:46:03] Aplicación finalizada por el usuario.
[2025-05-23 17:48:44] Base de datos abierta correctamente en main.
[2025-05-23 17:48:44] Base de datos eliminada correctamente.
[2025-05-23 17:48:44] Base de datos inicializada.
[2025-05-23 17:48:44] CSV inicializados.
[2025-05-23 17:48:44] Libros cargados desde CSV.
[2025-05-23 17:48:44] Usuarios cargados desde CSV.
[2025-05-23 17:48:44] Historial cargado desde CSV.
[2025-05-23 17:48:44] Préstamos cargados desde CSV.
[2025-05-23 17:49:27] Aplicación finalizada por el usuario.
[2025-05-23 17:53:55] Base de datos abierta correctamente en main.
[2025-05-23 17:53:55] Base de datos eliminada correctamente.
[2025-05-23 17:53:55] Base de datos inicializada.
[2025-05-23 17:53:55] CSV inicializados.
[2025-05-23 17:53:55] Libros cargados desde CSV.
[2025-05-23 17:53:55] Usuarios cargados desde CSV.
[2025-05-23 17:53:55] Historial cargado desde CSV.
[2025-05-23 17:53:55] Préstamos cargados desde CSV.
[2025-05-23 17:54:17] Aplicación finalizada por el usuario.
[2025-05-23 17:58:09] Base de datos abierta correctamente en main.
[2025-05-23 17:58:09] Base de datos eliminada correctamente.
[2025-05-23 17:58:10] Base de datos inicializada.
[2025-05-23 17:58:10] CSV inicializados.
[2025-05-23 17:58:10] Libros cargados desde CSV.
[2025-05-23 17:58:10] Usuarios cargados desde CSV.
[2025-05-23 17:58:10] Historial cargado desde CSV.
[2025-05-23 17:58:10] Préstamos cargados desde CSV.
[2025-05-23 18:14:46] Aplicación finalizada por el usuario.
[2025-05-23 18:14:55] Base de datos abierta correctamente en main.
[2025-05-23 18:14:55] No se pudo eliminar la base de datos.
[2025-05-23 18:14:55] Base de datos inicializada.
[2025-05-23 18:14:55] CSV inicializados.
[2025-05-23 18:14:55] Libros cargados desde CSV.
[2025-05-23 18:14:55] Usuarios cargados desde CSV.
[2025-05-23 18:14:55] Historial cargado desde CSV.
[2025-05-23 18:14:55] Préstamos cargados desde CSV.
[2025-05-23 18:14:59] Aplicación finalizada por el usuario.
[2025-05-23 18:15:01] Base de datos abierta correctamente en main.
[2025-05-23 18:15:01] Base de datos eliminada correctamente.
[2025-05-23 18:15:01] Base de datos inicializada.
[2025-05-23 18:15:01] CSV inicializados.
[2025-05-23 18:15:01] Libros cargados desde CSV.
[2025-05-23 18:15:01] Usuarios cargados desde CSV.
[2025-05-23 18:15:01] Historial cargado desde CSV.
[2025-05-23 18:15:01] Préstamos cargados desde CSV.
[2025-05-23 18:15:48] Aplicación finalizada por el usuario.
[2025-05-23 18:15:57] Base de datos abierta correctamente en main.
[2025-05-23 18:15:57] Base de datos eliminada correctamente.
[2025-05-23 18:15:57] Base de datos inicializada.
[2025-05-23 18:15:57] CSV inicializados.
[2025-05-23 18:15:57] Libros cargados desde CSV.
[2025-05-23 18:15:57] Usuarios cargados desde CSV.
[2025-05-23 18:15:57] Historial cargado desde CSV.
[2025-05-23 18:15:57] Préstamos cargados desde CSV.
[2025-05-23 18:16:19] Base de datos abierta correctamente en main.
[2025-05-23 18:16:19] Base de datos eliminada correctamente.
[2025-05-23 18:16:19] Base de datos inicializada.
[2025-05-23 18:16:19] CSV inicializados.
[2025-05-23 18:16:19] Libros cargados desde CSV.
[2025-05-23 18:16:19] Usuarios cargados desde CSV.
[2025-05-23 18:16:19] Historial cargado desde CSV.
[2025-05-23 18:16:19] Préstamos cargados desde CSV.
[2025-05-23 18:18:29] Aplicación finalizada por el usuario.
[2025-05-24 03:57:37] Base de datos abierta correctamente en main.
[2025-05-24 03:57:37] No se pudo eliminar la base de datos.
[2025-05-24 03:57:37] Base de datos inicializada.
[2025-05-24 03:57:37] CSV inicializados.
[2025-05-24 03:57:37] Libros cargados desde CSV.
[2025-05-24 03:57:37] Usuarios cargados desde CSV.
[2025-05-24 03:57:37] Historial cargado desde CSV.
[2025-05-24 03:57:37] Préstamos cargados desde CSV.
[2025-05-24 03:57:42] Aplicación finalizada por el usuario.
[2025-05-24 03:57:43] Base de datos abierta correctamente en main.
[2025-05-24 03:57:43] Base de datos eliminada correctamente.
[2025-05-24 03:57:43] Base de datos inicializada.
[2025-05-24 03:57:43] CSV inicializados.
[2025-05-24 03:57:43] Libros cargados desde CSV.
[2025-05-24 03:57:43] Usuarios cargados desde CSV.
[2025-05-24 03:57:43] Historial cargado desde CSV.
[2025-05-24 03:57:43] Préstamos cargados desde CSV.
[2025-05-24 03:58:20] Aplicación finalizada por el usuario.
[2025-05-24 03:58:31] Base de datos abierta correctamente en main.
[2025-05-24 03:58:31] Base de datos eliminada correctamente.
[2025-05-24 03:58:31] Base de datos inicializada.
[2025-05-24 03:58:31] CSV inicializados.
[2025-05-24 03:58:31] Libros cargados desde CSV.
[2025-05-24 03:58:31] Usuarios cargados desde CSV.
[2025-05-24 03:58:31] Historial cargado desde CSV.
[2025-05-24 03:58:31] Préstamos cargados desde CSV.
[2025-05-24 03:59:10] Aplicación finalizada por el usuario.
[2025-05-24 03:59:20] Base de datos abierta correctamente en main.
[2025-05-24 03:59:20] Base de datos eliminada correctamente.
[2025-05-24 03:59:21] Base de datos inicializada.
[2025-05-24 03:59:21] CSV inicializados.
[2025-05-24 03:59:21] Libros cargados desde CSV.
[2025-05-24 03:59:21] Usuarios cargados desde CSV.
[2025-05-24 03:59:21] Historial cargado desde CSV.
[2025-05-24 03:59:21] Préstamos cargados desde CSV.
[2025-05-24 03:59:42] Aplicación finalizada por el usuario.
[2025-05-24 03:59:43] Base de datos abierta correctamente en main.
[2025-05-24 03:59:43] Base de datos eliminada correctamente.
[2025-05-24 03:59:43] Base de datos inicializada.
[2025-05-24 03:59:43] CSV inicializados.
[2025-05-24 03:59:43] Libros cargados desde CSV.
[2025-05-24 03:59:43] Usuarios cargados desde CSV.
[2025-05-24 03:59:43] Historial cargado desde CSV.
[2025-05-24 03:59:43] Préstamos cargados desde CSV.
[2025-05-24 03:59:51] Aplicación finalizada por el usuario.
[2025-05-24 04:41:03] Base de datos abierta correctamente en main.
[2025-05-24 04:41:03] Base de datos eliminada correctamente.
[2025-05-24 04:41:03] Base de datos inicializada.
[2025-05-24 04:41:03] CSV inicializados.
[2025-05-24 04:41:03] Libros cargados desde CSV.
[2025-05-24 04:41:03] Usuarios cargados desde CSV.
[2025-05-24 04:41:03] Historial cargado desde CSV.
[2025-05-24 04:41:04] Préstamos cargados desde CSV.
[2025-05-24 04:41:45] Aplicación finalizada por el usuario.
[2025-05-24 04:41:45] Base de datos abierta correctamente en main.
[2025-05-24 04:41:45] No se pudo eliminar la base de datos.
[2025-05-24 04:41:45] Base de datos inicializada.
[2025-05-24 04:41:45] CSV inicializados.
[2025-05-24 04:41:46] Libros cargados desde CSV.
[2025-05-24 04:41:46] Usuarios cargados desde CSV.
[2025-05-24 04:41:46] Historial cargado desde CSV.
[2025-05-24 04:41:46] Préstamos cargados desde CSV.
[2025-05-24 04:41:50] Aplicación finalizada por el usuario.
[2025-05-24 04:41:51] Base de datos abierta correctamente en main.
[2025-05-24 04:41:51] Base de datos eliminada correctamente.
[2025-05-24 04:41:51] Base de datos inicializada.
[2025-05-24 04:41:51] CSV inicializados.
[2025-05-24 04:41:51] Libros cargados desde CSV.
[2025-05-24 04:41:51] Usuarios cargados desde CSV.
[2025-05-24 04:41:51] Historial cargado desde CSV.
[2025-05-24 04:41:51] Préstamos cargados desde CSV.
[2025-05-24 04:42:15] Aplicación finalizada por el usuario.
