[2025-04-25 17:33:19] Base de datos eliminada y rehaciendo.
[2025-04-25 17:33:21] Saliendo de la aplicación.
[2025-04-25 17:33:21] Base de datos cerrada.
[2025-04-25 17:34:54] Base de datos abierta correctamente en main.
[2025-04-25 17:34:54] Base de datos eliminada correctamente.
[2025-04-25 17:34:54] Base de datos inicializada.
[2025-04-25 17:34:54] CSV inicializados.
[2025-04-25 17:34:54] Libros cargados desde CSV.
[2025-04-25 17:34:54] Usuarios cargados desde CSV.
[2025-04-25 17:34:54] Historial cargado desde CSV.
[2025-04-25 17:34:54] Préstamos cargados desde CSV.
[2025-04-25 17:35:01] Inicio de sesión de usuario.
[2025-04-25 17:35:12] Base de datos abierta correctamente desde menuPrincipal.
[2025-04-25 17:35:12] Libros cargados desde la base de datos.
[2025-04-25 18:40:18] El usuario salió del menú principal.
[2025-04-25 18:40:21] Aplicación finalizada por el usuario.
[2025-04-25 18:40:30] Base de datos abierta correctamente en main.
[2025-04-25 18:40:30] No se pudo eliminar la base de datos.
[2025-04-25 18:40:30] Base de datos inicializada.
[2025-04-25 18:40:30] CSV inicializados.
[2025-04-25 18:40:30] Libros cargados desde CSV.
[2025-04-25 18:40:30] Usuarios cargados desde CSV.
[2025-04-25 18:40:30] Historial cargado desde CSV.
[2025-04-25 18:40:30] Préstamos cargados desde CSV.
[2025-04-25 18:41:05] Aplicación finalizada por el usuario.
[2025-04-25 18:42:37] Base de datos abierta correctamente en main.
[2025-04-25 18:42:37] Base de datos eliminada correctamente.
[2025-04-25 18:42:37] Base de datos inicializada.
[2025-04-25 18:42:37] CSV inicializados.
[2025-04-25 18:42:37] Libros cargados desde CSV.
[2025-04-25 18:42:37] Usuarios cargados desde CSV.
[2025-04-25 18:42:37] Historial cargado desde CSV.
[2025-04-25 18:42:37] Préstamos cargados desde CSV.
[2025-04-25 18:43:42] Aplicación finalizada por el usuario.
[2025-04-25 18:43:51] Base de datos abierta correctamente en main.
[2025-04-25 18:43:51] Base de datos eliminada correctamente.
[2025-04-25 18:43:51] Base de datos inicializada.
[2025-04-25 18:43:51] CSV inicializados.
[2025-04-25 18:43:51] Libros cargados desde CSV.
[2025-04-25 18:43:51] Usuarios cargados desde CSV.
[2025-04-25 18:43:51] Historial cargado desde CSV.
[2025-04-25 18:43:51] Préstamos cargados desde CSV.
[2025-04-25 18:44:43] Aplicación finalizada por el usuario.
[2025-04-25 18:44:52] Base de datos abierta correctamente en main.
[2025-04-25 18:44:52] No se pudo eliminar la base de datos.
[2025-04-25 18:44:52] Base de datos inicializada.
[2025-04-25 18:44:52] CSV inicializados.
[2025-04-25 18:44:52] Libros cargados desde CSV.
[2025-04-25 18:44:52] Usuarios cargados desde CSV.
[2025-04-25 18:44:52] Historial cargado desde CSV.
[2025-04-25 18:44:52] Préstamos cargados desde CSV.
[2025-04-25 18:45:20] Base de datos abierta correctamente en main.
[2025-04-25 18:45:20] Base de datos eliminada correctamente.
[2025-04-25 18:45:20] Base de datos inicializada.
[2025-04-25 18:45:20] CSV inicializados.
[2025-04-25 18:45:20] Libros cargados desde CSV.
[2025-04-25 18:45:20] Usuarios cargados desde CSV.
[2025-04-25 18:45:20] Historial cargado desde CSV.
[2025-04-25 18:45:20] Préstamos cargados desde CSV.
[2025-04-25 18:45:23] Aplicación finalizada por el usuario.
[2025-04-25 18:47:24] Base de datos abierta correctamente en main.
[2025-04-25 18:47:24] No se pudo eliminar la base de datos.
[2025-04-25 18:47:24] Base de datos inicializada.
[2025-04-25 18:47:24] CSV inicializados.
[2025-04-25 18:47:24] Libros cargados desde CSV.
[2025-04-25 18:47:24] Usuarios cargados desde CSV.
[2025-04-25 18:47:24] Historial cargado desde CSV.
[2025-04-25 18:47:24] Préstamos cargados desde CSV.
[2025-04-25 18:47:46] Base de datos abierta correctamente en main.
[2025-04-25 18:47:46] Base de datos eliminada correctamente.
[2025-04-25 18:47:46] Base de datos inicializada.
[2025-04-25 18:47:46] CSV inicializados.
[2025-04-25 18:47:46] Libros cargados desde CSV.
[2025-04-25 18:47:46] Usuarios cargados desde CSV.
[2025-04-25 18:47:46] Historial cargado desde CSV.
[2025-04-25 18:47:46] Préstamos cargados desde CSV.
[2025-04-25 18:48:52] Aplicación finalizada por el usuario.
[2025-04-25 18:49:01] Base de datos abierta correctamente en main.
[2025-04-25 18:49:01] No se pudo eliminar la base de datos.
[2025-04-25 18:49:01] Base de datos inicializada.
[2025-04-25 18:49:01] CSV inicializados.
[2025-04-25 18:49:01] Libros cargados desde CSV.
[2025-04-25 18:49:01] Usuarios cargados desde CSV.
[2025-04-25 18:49:01] Historial cargado desde CSV.
[2025-04-25 18:49:01] Préstamos cargados desde CSV.
[2025-04-25 18:50:39] Base de datos abierta correctamente en main.
[2025-04-25 18:50:39] No se pudo eliminar la base de datos.
[2025-04-25 18:50:39] Base de datos inicializada.
[2025-04-25 18:50:39] CSV inicializados.
[2025-04-25 18:50:39] Libros cargados desde CSV.
[2025-04-25 18:50:39] Usuarios cargados desde CSV.
[2025-04-25 18:50:39] Historial cargado desde CSV.
[2025-04-25 18:50:39] Préstamos cargados desde CSV.
[2025-04-25 18:51:43] Base de datos abierta correctamente en main.
[2025-04-25 18:51:43] Base de datos eliminada correctamente.
[2025-04-25 18:51:43] Base de datos inicializada.
[2025-04-25 18:51:43] CSV inicializados.
[2025-04-25 18:51:43] Libros cargados desde CSV.
[2025-04-25 18:51:43] Usuarios cargados desde CSV.
[2025-04-25 18:51:43] Historial cargado desde CSV.
[2025-04-25 18:51:43] Préstamos cargados desde CSV.
[2025-04-25 18:51:46] Aplicación finalizada por el usuario.
[2025-04-25 18:52:48] Base de datos abierta correctamente en main.
[2025-04-25 18:52:48] Base de datos eliminada correctamente.
[2025-04-25 18:52:48] Base de datos inicializada.
[2025-04-25 18:52:48] CSV inicializados.
[2025-04-25 18:52:48] Libros cargados desde CSV.
[2025-04-25 18:52:48] Usuarios cargados desde CSV.
[2025-04-25 18:52:48] Historial cargado desde CSV.
[2025-04-25 18:52:48] Préstamos cargados desde CSV.
[2025-04-25 18:53:16] Aplicación finalizada por el usuario.
[2025-04-25 18:53:27] Base de datos abierta correctamente en main.
[2025-04-25 18:53:27] Base de datos eliminada correctamente.
[2025-04-25 18:53:27] Base de datos inicializada.
[2025-04-25 18:53:27] CSV inicializados.
[2025-04-25 18:53:27] Libros cargados desde CSV.
[2025-04-25 18:53:27] Usuarios cargados desde CSV.
[2025-04-25 18:53:27] Historial cargado desde CSV.
[2025-04-25 18:53:27] Préstamos cargados desde CSV.
[2025-04-25 18:53:48] Inicio de sesión de usuario.
[2025-04-25 18:53:58] Base de datos abierta correctamente desde menuPrincipal.
[2025-04-25 18:53:58] Libros cargados desde la base de datos.
[2025-04-25 18:54:05] El usuario consultó su historial de préstamos.
[2025-04-25 18:55:48] El usuario salió del menú principal.
[2025-04-25 18:55:50] Aplicación finalizada por el usuario.
[2025-04-25 18:56:04] Base de datos abierta correctamente en main.
[2025-04-25 18:56:04] Base de datos eliminada correctamente.
[2025-04-25 18:56:04] Base de datos inicializada.
[2025-04-25 18:56:04] CSV inicializados.
[2025-04-25 18:56:04] Libros cargados desde CSV.
[2025-04-25 18:56:04] Usuarios cargados desde CSV.
[2025-04-25 18:56:04] Historial cargado desde CSV.
[2025-04-25 18:56:04] Préstamos cargados desde CSV.
[2025-04-25 18:56:05] Inicio de sesión de usuario.
[2025-04-25 18:56:15] Base de datos abierta correctamente desde menuPrincipal.
[2025-04-25 18:56:15] Libros cargados desde la base de datos.
[2025-04-25 18:56:19] El usuario consultó su historial de préstamos.
[2025-04-25 18:56:27] El usuario salió del menú principal.
[2025-04-25 18:56:29] Aplicación finalizada por el usuario.
